2022-01-16 15:59:16,465:INFO:For student: Rosalyn Skinner, rejected courses because of prerequisite:
2022-01-16 16:00:19,820:INFO:For student: Delia Russo, rejected courses because of prerequisite:
2022-01-16 16:00:19,820:INFO:
***********
2022-01-16 16:00:19,820:INFO:For student: Mercer Burnett, rejected courses because of prerequisite:
2022-01-16 16:00:19,820:INFO:
***********
2022-01-16 16:00:19,820:INFO:For student: Bradshaw Mccray, rejected courses because of prerequisite:
2022-01-16 16:00:19,820:INFO:
***********
2022-01-16 16:00:19,821:INFO:For student: Snow Santana, rejected courses because of prerequisite:
2022-01-16 16:00:19,821:INFO:
***********
2022-01-16 16:00:19,821:INFO:For student: Silva Jordan, rejected courses because of prerequisite:
2022-01-16 16:00:19,822:INFO:
***********
2022-01-16 16:00:19,822:INFO:For student: Dennis Olsen, rejected courses because of prerequisite:
2022-01-16 16:00:19,822:INFO:
***********
2022-01-16 16:00:19,823:INFO:For student: Good Camacho, rejected courses because of prerequisite:
2022-01-16 16:00:19,823:INFO:
***********
2022-01-16 16:00:19,823:INFO:For student: June Alford, rejected courses because of prerequisite:
2022-01-16 16:00:19,823:INFO:
***********
2022-01-16 16:00:19,823:INFO:For student: 150119639, rejected courses because of collision:
2022-01-16 16:00:42,168:INFO:For student: Jennifer Golden, rejected courses because of prerequisite:
2022-01-16 16:00:42,168:INFO:
***********
2022-01-16 16:00:42,168:INFO:For student: Curtis Barton, rejected courses because of prerequisite:
2022-01-16 16:00:42,168:INFO:
***********
2022-01-16 16:00:42,168:INFO:For student: Delia Russo, rejected courses because of prerequisite:
2022-01-16 16:00:42,168:INFO:
***********
2022-01-16 16:00:42,168:INFO:For student: Mercer Burnett, rejected courses because of prerequisite:
2022-01-16 16:00:42,168:INFO:
***********
2022-01-16 16:00:42,169:INFO:For student: 150119903, rejected courses because of collision:
2022-01-16 16:00:42,169:INFO:
***********
2022-01-16 16:00:42,169:INFO:For student: 150119614, rejected courses because of collision:
2022-01-16 16:00:42,169:INFO:
***********
2022-01-16 16:00:42,169:INFO:For student: Le Mccoy, rejected courses because of prerequisite:
2022-01-16 16:00:42,169:INFO:
***********
2022-01-16 16:00:42,169:INFO:For student: 150119593, rejected courses because of collision:
2022-01-16 16:00:42,169:INFO:
***********
2022-01-16 16:00:42,169:INFO:For student: 150119839, rejected courses because of collision:
2022-01-16 16:00:42,169:INFO:
***********
2022-01-16 16:00:42,169:INFO:For student: Doris Contreras, rejected courses because of prerequisite:
2022-01-16 16:00:42,169:INFO:
***********
2022-01-16 16:00:42,169:INFO:For student: 150119337, rejected courses because of collision:
2022-01-16 16:00:42,169:INFO:
***********
2022-01-16 16:00:42,170:INFO:For student: 150119509, rejected courses because of collision:
2022-01-16 16:00:42,170:INFO:
***********
2022-01-16 16:00:42,170:INFO:For student: 150119879, rejected courses because of collision:
2022-01-16 16:00:42,170:INFO:
***********
2022-01-16 16:00:42,170:INFO:For student: Barnett May, rejected courses because of prerequisite:
2022-01-16 16:00:42,170:INFO:
***********
2022-01-16 16:00:42,170:INFO:For student: 150119066, rejected courses because of collision:
2022-01-16 16:00:42,170:INFO:
***********
2022-01-16 16:00:42,170:INFO:For student: Bauer Sloan, rejected courses because of prerequisite:
2022-01-16 16:00:42,170:INFO:
***********
2022-01-16 16:00:42,170:INFO:For student: Leonard Hoffman, rejected courses because of prerequisite:
2022-01-16 16:00:42,170:INFO:
***********
2022-01-16 16:00:42,171:INFO:For student: 150119408, rejected courses because of collision:
2022-01-16 16:00:42,171:INFO:
***********
2022-01-16 16:00:42,171:INFO:For student: Flossie Shannon, rejected courses because of prerequisite:
2022-01-16 16:00:42,171:INFO:
***********
2022-01-16 16:00:42,171:INFO:For student: 150119422, rejected courses because of collision:
2022-01-16 16:00:42,171:INFO:
***********
2022-01-16 16:00:42,171:INFO:For student: Brittney Wilson, rejected courses because of prerequisite:
2022-01-16 16:00:42,171:INFO:
***********
2022-01-16 16:00:42,171:INFO:For student: Finley Rutledge, rejected courses because of prerequisite:
2022-01-16 16:00:42,171:INFO:
***********
2022-01-16 16:00:42,171:INFO:For student: June Alford, rejected courses because of prerequisite:
2022-01-16 16:00:42,172:INFO:
***********
2022-01-16 16:00:42,172:INFO:For student: 150119056, rejected courses because of collision:
2022-01-16 16:00:42,172:INFO:
***********
2022-01-16 16:00:42,172:INFO:For student: Crystal Sawyer, rejected courses because of prerequisite:
2022-01-16 16:00:42,172:INFO:
***********
2022-01-16 16:00:42,172:INFO:For student: Mercedes Morrow, rejected courses because of prerequisite:
2022-01-16 16:00:42,172:INFO:
***********
2022-01-16 16:00:42,172:INFO:For student: Barbra Gray, rejected courses because of prerequisite:
2022-01-16 16:00:42,172:INFO:
***********
2022-01-16 16:00:42,173:INFO:For student: 150119283, rejected courses because of collision:
2022-01-16 16:00:42,173:INFO:
***********
2022-01-16 16:00:42,173:INFO:For student: Lori Buck, rejected courses because of prerequisite:
2022-01-16 16:00:42,173:INFO:
***********
2022-01-16 16:00:42,173:INFO:For student: Haynes Hester, rejected courses because of prerequisite:
2022-01-16 16:00:42,173:INFO:
***********
2022-01-16 16:00:42,173:INFO:For student: Charity Compton, rejected courses because of prerequisite:
2022-01-16 16:00:42,173:INFO:
***********
2022-01-16 16:00:42,173:INFO:For student: 150119785, rejected courses because of collision:
2022-01-16 16:00:42,173:INFO:
***********
2022-01-16 16:00:42,173:INFO:For student: Sadie Ballard, rejected courses because of quota:
2022-01-16 16:00:54,915:INFO:For student: 150119414, rejected courses because of collision:
2022-01-16 16:00:54,915:INFO:
***********
2022-01-16 16:00:54,915:INFO:For student: 150119158, rejected courses because of collision:
2022-01-16 16:00:54,916:INFO:
***********
2022-01-16 16:00:54,916:INFO:For student: 150119321, rejected courses because of collision:
2022-01-16 16:00:54,916:INFO:
***********
2022-01-16 16:00:54,916:INFO:For student: 150119903, rejected courses because of collision:
2022-01-16 16:00:54,916:INFO:
***********
2022-01-16 16:00:54,916:INFO:For student: 150119593, rejected courses because of collision:
2022-01-16 16:00:54,916:INFO:
***********
2022-01-16 16:00:54,917:INFO:For student: 150119839, rejected courses because of collision:
2022-01-16 16:00:54,917:INFO:
***********
2022-01-16 16:00:54,917:INFO:For student: Walls Ramos, rejected courses because of prerequisite:
2022-01-16 16:00:54,917:INFO:
***********
2022-01-16 16:00:54,917:INFO:For student: 150119879, rejected courses because of collision:
2022-01-16 16:00:54,917:INFO:
***********
2022-01-16 16:00:54,917:INFO:For student: Lily Tillman, rejected courses because of prerequisite:
2022-01-16 16:00:54,917:INFO:
***********
2022-01-16 16:00:54,917:INFO:For student: Barnett May, rejected courses because of prerequisite:
2022-01-16 16:00:54,917:INFO:
***********
2022-01-16 16:00:54,917:INFO:For student: Sosa Bradshaw, rejected courses because of prerequisite:
2022-01-16 16:00:54,917:INFO:
***********
2022-01-16 16:00:54,918:INFO:For student: Bauer Sloan, rejected courses because of prerequisite:
2022-01-16 16:00:54,918:INFO:
***********
2022-01-16 16:00:54,918:INFO:For student: 150119408, rejected courses because of collision:
2022-01-16 16:00:54,918:INFO:
***********
2022-01-16 16:00:54,918:INFO:For student: 150119479, rejected courses because of collision:
2022-01-16 16:00:54,918:INFO:
***********
2022-01-16 16:00:54,918:INFO:For student: Flossie Shannon, rejected courses because of prerequisite:
2022-01-16 16:00:54,918:INFO:
***********
2022-01-16 16:00:54,919:INFO:For student: 150119262, rejected courses because of collision:
2022-01-16 16:00:54,919:INFO:
***********
2022-01-16 16:00:54,919:INFO:For student: 150119056, rejected courses because of collision:
2022-01-16 16:00:54,919:INFO:
***********
2022-01-16 16:00:54,919:INFO:For student: Mayer Manning, rejected courses because of prerequisite:
2022-01-16 16:00:54,919:INFO:
***********
2022-01-16 16:00:54,919:INFO:For student: 150119931, rejected courses because of collision:
2022-01-16 16:00:54,919:INFO:
***********
2022-01-16 16:00:54,919:INFO:For student: Mcclain Juarez, rejected courses because of prerequisite:
2022-01-16 16:00:54,919:INFO:
***********
2022-01-16 16:00:54,920:INFO:For student: Audrey Vang, rejected courses because of prerequisite:
2022-01-16 16:00:54,920:INFO:
***********
2022-01-16 16:00:54,920:INFO:For student: Barbra Gray, rejected courses because of prerequisite:
2022-01-16 16:00:54,920:INFO:
***********
2022-01-16 16:00:54,920:INFO:For student: Lori Buck, rejected courses because of prerequisite:
2022-01-16 16:00:54,920:INFO:
***********
2022-01-16 16:00:54,920:INFO:For student: Haynes Hester, rejected courses because of prerequisite:
2022-01-16 16:00:54,920:INFO:
***********
2022-01-16 16:00:54,920:INFO:For student: Charity Compton, rejected courses because of prerequisite:
2022-01-16 16:00:54,920:INFO:
***********
2022-01-16 16:00:54,920:INFO:For student: 150119330, rejected courses because of collision:
2022-01-16 16:00:54,920:INFO:
***********
2022-01-16 16:00:54,921:INFO:For student: Armstrong Cherry, rejected courses because of prerequisite:
2022-01-16 16:00:54,921:INFO:
***********
2022-01-16 16:00:54,921:INFO:For student: Bonnie Cleveland, rejected courses because of prerequisite:
2022-01-16 16:00:54,921:INFO:
***********
2022-01-16 16:00:54,921:INFO:For student: Constance Hart, rejected courses because of prerequisite:
2022-01-16 16:00:54,921:INFO:
***********
2022-01-16 16:00:54,921:INFO:For student: 150119190, rejected courses because of collision:
2022-01-16 16:00:54,921:INFO:
***********
2022-01-16 16:00:54,921:INFO:For student: 150119796, rejected courses because of collision:
2022-01-16 16:00:54,921:INFO:
***********
2022-01-16 16:00:54,921:INFO:For student: Harrison Duke, rejected courses because of prerequisite:
2022-01-16 16:00:54,922:INFO:
***********
2022-01-16 16:00:54,922:INFO:For student: Chapman Kirkland, rejected courses because of prerequisite:
2022-01-16 16:00:54,922:INFO:
***********
2022-01-16 16:00:54,922:INFO:For student: Nona Stuart, rejected courses because of quota:
2022-01-16 16:00:54,922:INFO:
***********
2022-01-16 16:00:54,922:INFO:For student: Melissa Gill, rejected courses because of quota:
2022-01-16 16:00:54,922:INFO:
***********
2022-01-16 16:00:54,922:INFO:For student: Aileen Dickson, rejected courses because of quota:
2022-01-16 16:00:54,922:INFO:
***********
2022-01-16 16:00:54,922:INFO:For student: Aileen Dickson, rejected courses because of prerequisite:
2022-01-16 16:00:54,922:INFO:
***********
2022-01-16 16:00:54,922:INFO:For student: 150118818, rejected courses because of collision:
2022-01-16 16:00:54,922:INFO:
***********
2022-01-16 16:00:54,923:INFO:For student: 150118382, rejected courses because of collision:
2022-01-16 16:00:54,923:INFO:
***********
2022-01-16 16:00:54,923:INFO:For student: 150118436, rejected courses because of collision:
2022-01-16 16:00:54,923:INFO:
***********
2022-01-16 16:00:54,923:INFO:For student: Felecia Nichols, rejected courses because of quota:
2022-01-16 16:00:54,923:INFO:
***********
2022-01-16 16:00:54,923:INFO:For student: Johnston Burton, rejected courses because of quota:
2022-01-16 16:00:54,923:INFO:
***********
2022-01-16 16:00:54,924:INFO:For student: 150118022, rejected courses because of collision:
2022-01-16 16:00:54,924:INFO:
***********
2022-01-16 16:00:54,924:INFO:For student: 150118532, rejected courses because of collision:
2022-01-16 16:00:54,924:INFO:
***********
2022-01-16 16:00:54,924:INFO:For student: 150118169, rejected courses because of collision:
2022-01-16 16:00:54,924:INFO:
***********
2022-01-16 16:00:54,924:INFO:For student: Wiley Marshall, rejected courses because of quota:
2022-01-16 16:00:54,924:INFO:
***********
2022-01-16 16:00:54,925:INFO:For student: Schroeder Webster, rejected courses because of quota:
2022-01-16 16:00:54,925:INFO:
***********
2022-01-16 16:00:54,925:INFO:For student: 150118966, rejected courses because of collision:
2022-01-16 16:00:54,925:INFO:
***********
2022-01-16 16:00:54,925:INFO:For student: 150118098, rejected courses because of collision:
2022-01-16 16:00:54,925:INFO:
***********
2022-01-16 16:00:54,925:INFO:For student: 150118852, rejected courses because of collision:
2022-01-16 16:00:54,925:INFO:
***********
2022-01-16 16:00:54,926:INFO:For student: Sweet Wolfe, rejected courses because of quota:
2022-01-16 16:00:54,926:INFO:
***********
2022-01-16 16:00:54,926:INFO:For student: 150118275, rejected courses because of collision:
2022-01-16 16:00:54,926:INFO:
***********
2022-01-16 16:00:54,926:INFO:For student: Lynne Franklin, rejected courses because of prerequisite:
2022-01-16 16:00:54,926:INFO:
***********
2022-01-16 16:00:54,926:INFO:For student: 150118579, rejected courses because of collision:
2022-01-16 16:00:54,926:INFO:
***********
2022-01-16 16:00:54,926:INFO:For student: Christy Owens, rejected courses because of quota:
2022-01-16 16:00:54,926:INFO:
***********
2022-01-16 16:00:54,926:INFO:For student: 150118194, rejected courses because of collision:
2022-01-16 16:00:54,927:INFO:
***********
2022-01-16 16:00:54,927:INFO:For student: 150118412, rejected courses because of collision:
2022-01-16 16:00:54,927:INFO:
***********
2022-01-16 16:00:54,927:INFO:For student: Singleton Neal, rejected courses because of prerequisite:
2022-01-16 16:00:54,927:INFO:
***********
2022-01-16 16:00:54,927:INFO:For student: 150118734, rejected courses because of collision:
2022-01-16 16:00:54,927:INFO:
***********
2022-01-16 16:00:54,927:INFO:For student: 150118772, rejected courses because of collision:
2022-01-16 16:00:54,927:INFO:
***********
2022-01-16 16:00:54,928:INFO:For student: Freeman Vance, rejected courses because of prerequisite:
2022-01-16 16:00:54,928:INFO:
***********
2022-01-16 16:00:54,928:INFO:For student: 150118763, rejected courses because of collision:
2022-01-16 16:00:54,928:INFO:
***********
2022-01-16 16:00:54,928:INFO:For student: Roach Chase, rejected courses because of quota:
2022-01-16 16:00:54,928:INFO:
***********
2022-01-16 16:00:54,928:INFO:For student: Pearl Fuller, rejected courses because of quota:
2022-01-16 16:00:54,928:INFO:
***********
2022-01-16 16:00:54,928:INFO:For student: 150118626, rejected courses because of collision:
2022-01-16 16:00:54,928:INFO:
***********
2022-01-16 16:00:54,928:INFO:For student: 150118768, rejected courses because of collision:
2022-01-16 16:00:54,929:INFO:
***********
2022-01-16 16:00:54,929:INFO:For student: 150118762, rejected courses because of collision:
2022-01-16 16:00:54,929:INFO:
***********
2022-01-16 16:00:54,929:INFO:For student: Brown Graham, rejected courses because of quota:
2022-01-16 16:00:54,929:INFO:
***********
2022-01-16 16:00:54,929:INFO:For student: Nell Robertson, rejected courses because of quota:
2022-01-16 16:00:54,929:INFO:
***********
2022-01-16 16:00:54,929:INFO:For student: Espinoza Blevins, rejected courses because of quota:
2022-01-16 16:00:54,929:INFO:
***********
2022-01-16 16:00:54,930:INFO:For student: 150118974, rejected courses because of collision:
2022-01-16 16:00:54,930:INFO:
***********
2022-01-16 16:00:54,930:INFO:For student: Donovan Carey, rejected courses because of quota:
2022-01-16 16:00:54,930:INFO:
***********
2022-01-16 16:00:54,930:INFO:For student: 150118727, rejected courses because of collision:
2022-01-16 16:00:54,930:INFO:
***********
2022-01-16 16:00:54,930:INFO:For student: Ramirez Drake, rejected courses because of quota:
2022-01-16 16:00:54,931:INFO:
***********
2022-01-16 16:00:54,931:INFO:For student: Ramirez Drake, rejected courses because of prerequisite:
2022-01-16 16:00:54,931:INFO:
***********
2022-01-16 16:00:54,931:INFO:For student: 150118499, rejected courses because of collision:
2022-01-16 16:00:54,931:INFO:
***********
2022-01-16 16:00:54,931:INFO:For student: 150118535, rejected courses because of collision:
2022-01-16 16:00:54,931:INFO:
***********
2022-01-16 16:00:54,931:INFO:For student: Allyson Lewis, rejected courses because of quota:
2022-01-16 16:00:54,931:INFO:
***********
2022-01-16 16:00:54,931:INFO:For student: Marina Quinn, rejected courses because of quota:
2022-01-16 16:00:54,931:INFO:
***********
2022-01-16 16:00:54,931:INFO:For student: Caitlin Peck, rejected courses because of quota:
2022-01-16 16:00:54,931:INFO:
***********
2022-01-16 16:00:54,931:INFO:For student: Gordon George, rejected courses because of quota:
2022-01-16 16:00:54,931:INFO:
***********
2022-01-16 16:00:54,932:INFO:For student: 150118827, rejected courses because of collision:
2022-01-16 16:00:54,932:INFO:
***********
2022-01-16 16:00:54,932:INFO:For student: Dionne Mcfadden, rejected courses because of quota:
2022-01-16 16:00:54,932:INFO:
***********
2022-01-16 16:00:54,932:INFO:For student: 150118486, rejected courses because of collision:
2022-01-16 16:00:54,932:INFO:
***********
2022-01-16 16:00:54,932:INFO:For student: Church Cobb, rejected courses because of quota:
2022-01-16 16:00:54,932:INFO:
***********
2022-01-16 16:00:54,932:INFO:For student: Ashlee Washington, rejected courses because of prerequisite:
2022-01-16 16:00:54,932:INFO:
***********
2022-01-16 16:00:54,933:INFO:For student: 150117043, rejected courses because of requirement problem:
2022-01-16 16:00:54,933:INFO:
***********
2022-01-16 16:00:54,933:INFO:For student: Sherman Mendez, rejected courses because of quota:
2022-01-16 16:00:54,933:INFO:
***********
2022-01-16 16:00:54,933:INFO:For student: Sherman Mendez, rejected courses because of prerequisite:
2022-01-16 16:00:54,933:INFO:
***********
2022-01-16 16:00:54,933:INFO:For student: 150117384, rejected courses because of collision:
2022-01-16 16:00:54,933:INFO:
***********
2022-01-16 16:00:54,933:INFO:For student: Grimes Hendrix, rejected courses because of prerequisite:
2022-01-16 16:00:54,933:INFO:
***********
2022-01-16 16:00:54,933:INFO:For student: Loraine Daugherty, rejected courses because of prerequisite:
2022-01-16 16:00:54,933:INFO:
***********
2022-01-16 16:00:54,934:INFO:For student: 150117969, rejected courses because of requirement problem:
2022-01-16 16:00:54,934:INFO:
***********
2022-01-16 16:00:54,934:INFO:For student: Kirkland Dennis, rejected courses because of quota:
2022-01-16 16:00:54,934:INFO:
***********
2022-01-16 16:00:54,934:INFO:For student: 150117108, rejected courses because of requirement problem:
2022-01-16 16:00:54,934:INFO:
***********
2022-01-16 16:00:54,934:INFO:For student: 150117890, rejected courses because of collision:
2022-01-16 16:00:54,934:INFO:
***********
2022-01-16 16:00:54,934:INFO:For student: 150117890, rejected courses because of requirement problem:
2022-01-16 16:00:54,934:INFO:
***********
2022-01-16 16:00:54,935:INFO:For student: 150117959, rejected courses because of requirement problem:
2022-01-16 16:00:54,935:INFO:
***********
2022-01-16 16:00:54,935:INFO:For student: 150117324, rejected courses because of requirement problem:
2022-01-16 16:00:54,935:INFO:
***********
2022-01-16 16:00:54,935:INFO:For student: 150117711, rejected courses because of collision:
2022-01-16 16:00:54,935:INFO:
***********
2022-01-16 16:00:54,935:INFO:For student: 150117711, rejected courses because of requirement problem:
2022-01-16 16:00:54,935:INFO:
***********
2022-01-16 16:00:54,936:INFO:For student: 150117689, rejected courses because of requirement problem:
2022-01-16 16:00:54,936:INFO:
***********
2022-01-16 16:00:54,936:INFO:For student: 150117593, rejected courses because of collision:
2022-01-16 16:00:54,936:INFO:
***********
2022-01-16 16:00:54,936:INFO:For student: 150117047, rejected courses because of collision:
2022-01-16 16:00:54,936:INFO:
***********
2022-01-16 16:00:54,936:INFO:For student: Effie Berger, rejected courses because of quota:
2022-01-16 16:00:54,936:INFO:
***********
2022-01-16 16:00:54,936:INFO:For student: 150117448, rejected courses because of requirement problem:
2022-01-16 16:00:54,936:INFO:
***********
2022-01-16 16:00:54,937:INFO:For student: 150117153, rejected courses because of collision:
2022-01-16 16:00:54,937:INFO:
***********
2022-01-16 16:00:54,937:INFO:For student: 150117124, rejected courses because of collision:
2022-01-16 16:00:54,937:INFO:
***********
2022-01-16 16:00:54,937:INFO:For student: 150117124, rejected courses because of requirement problem:
2022-01-16 16:00:54,937:INFO:
***********
2022-01-16 16:00:54,937:INFO:For student: 150117051, rejected courses because of collision:
2022-01-16 16:00:54,937:INFO:
***********
2022-01-16 16:00:54,937:INFO:For student: Ellison Young, rejected courses because of quota:
2022-01-16 16:00:54,937:INFO:
***********
2022-01-16 16:00:54,937:INFO:For student: 150117920, rejected courses because of collision:
2022-01-16 16:00:54,937:INFO:
***********
2022-01-16 16:00:54,937:INFO:For student: 150117920, rejected courses because of requirement problem:
2022-01-16 16:00:54,938:INFO:
***********
2022-01-16 16:00:54,938:INFO:For student: Downs Pace, rejected courses because of quota:
2022-01-16 16:00:54,938:INFO:
***********
2022-01-16 16:00:54,938:INFO:For student: 150117110, rejected courses because of collision:
2022-01-16 16:00:54,938:INFO:
***********
2022-01-16 16:00:54,938:INFO:For student: Cannon Frazier, rejected courses because of quota:
2022-01-16 16:00:54,938:INFO:
***********
2022-01-16 16:00:54,938:INFO:For student: 150117221, rejected courses because of requirement problem:
2022-01-16 16:00:54,938:INFO:
***********
2022-01-16 16:00:54,938:INFO:For student: 150117415, rejected courses because of collision:
2022-01-16 16:00:54,938:INFO:
***********
2022-01-16 16:00:54,938:INFO:For student: 150117415, rejected courses because of requirement problem:
2022-01-16 16:00:54,938:INFO:
***********
2022-01-16 16:00:54,939:INFO:For student: 150117052, rejected courses because of requirement problem:
2022-01-16 16:00:54,939:INFO:
***********
2022-01-16 16:00:54,939:INFO:For student: Cooper Hayden, rejected courses because of quota:
2022-01-16 16:00:54,939:INFO:
***********
2022-01-16 16:00:54,939:INFO:For student: 150117910, rejected courses because of requirement problem:
2022-01-16 16:00:54,939:INFO:
***********
2022-01-16 16:00:54,939:INFO:For student: Alyson Palmer, rejected courses because of quota:
2022-01-16 16:00:54,939:INFO:
***********
2022-01-16 16:00:54,939:INFO:For student: 150117756, rejected courses because of requirement problem:
2022-01-16 16:00:54,939:INFO:
***********
2022-01-16 16:00:54,939:INFO:For student: 150117126, rejected courses because of collision:
2022-01-16 16:00:54,940:INFO:
***********
2022-01-16 16:00:54,940:INFO:For student: Burton Rodgers, rejected courses because of prerequisite:
2022-01-16 16:00:54,940:INFO:
***********
2022-01-16 16:00:54,940:INFO:For student: Dale Horn, rejected courses because of quota:
2022-01-16 16:00:54,940:INFO:
***********
2022-01-16 16:00:54,940:INFO:For student: 150117184, rejected courses because of collision:
2022-01-16 16:00:54,940:INFO:
***********
2022-01-16 16:00:54,940:INFO:For student: 150117229, rejected courses because of requirement problem:
2022-01-16 16:00:54,940:INFO:
***********
2022-01-16 16:00:54,941:INFO:For student: 150117529, rejected courses because of requirement problem:
2022-01-16 16:00:54,941:INFO:
***********
2022-01-16 16:00:54,941:INFO:For student: 150117853, rejected courses because of requirement problem:
2022-01-16 16:00:54,941:INFO:
***********
2022-01-16 16:00:54,941:INFO:For student: 150117177, rejected courses because of requirement problem:
2022-01-16 16:00:54,941:INFO:
***********
2022-01-16 16:00:54,941:INFO:For student: 150117903, rejected courses because of requirement problem:
2022-01-16 16:00:54,941:INFO:
***********
2022-01-16 16:00:54,942:INFO:For student: 150117928, rejected courses because of requirement problem:
2022-01-16 16:00:54,942:INFO:
***********
2022-01-16 16:00:54,942:INFO:For student: 150117418, rejected courses because of requirement problem:
2022-01-16 16:00:54,942:INFO:
***********
2022-01-16 16:00:54,942:INFO:For student: Nannie French, rejected courses because of quota:
2022-01-16 16:00:54,942:INFO:
***********
2022-01-16 16:00:54,943:INFO:For student: 150117212, rejected courses because of requirement problem:
2022-01-16 16:00:54,943:INFO:
***********
2022-01-16 16:00:54,943:INFO:For student: 150117000, rejected courses because of collision:
2022-01-16 16:00:54,943:INFO:
***********
2022-01-16 16:00:54,943:INFO:For student: Esther Brennan, rejected courses because of quota:
2022-01-16 16:00:54,943:INFO:
***********
2022-01-16 16:00:54,943:INFO:For student: 150117682, rejected courses because of collision:
2022-01-16 16:00:54,943:INFO:
***********
2022-01-16 16:00:54,944:INFO:For student: 150117224, rejected courses because of requirement problem:
2022-01-16 16:00:54,944:INFO:
***********
2022-01-16 16:00:54,944:INFO:For student: 150117305, rejected courses because of collision:
2022-01-16 16:00:54,944:INFO:
***********
2022-01-16 16:00:54,944:INFO:For student: Patton Trevino, rejected courses because of quota:
2022-01-16 16:00:54,944:INFO:
***********
2022-01-16 16:00:54,944:INFO:For student: 150117458, rejected courses because of requirement problem:
2022-01-16 16:00:54,945:INFO:
***********
2022-01-16 16:00:54,945:INFO:For student: Desiree Cardenas, rejected courses because of quota:
2022-01-16 16:00:54,945:INFO:
***********
2022-01-16 16:00:54,945:INFO:For student: 150117658, rejected courses because of requirement problem:
2022-01-16 16:00:54,945:INFO:
***********
2022-01-16 16:00:54,945:INFO:For student: 150117625, rejected courses because of requirement problem:
2022-01-16 16:00:54,945:INFO:
***********
2022-01-16 16:00:54,945:INFO:For student: Herman Hubbard, rejected courses because of quota:
2022-01-16 16:00:54,945:INFO:
***********
2022-01-16 16:00:54,945:INFO:For student: 150117840, rejected courses because of collision:
2022-01-16 16:00:54,945:INFO:
***********
2022-01-16 16:00:54,945:INFO:For student: 150117840, rejected courses because of requirement problem:
2022-01-16 16:00:54,946:INFO:
***********
2022-01-16 16:00:54,946:INFO:For student: Herrera Hale, rejected courses because of quota:
2022-01-16 16:00:54,946:INFO:
***********
2022-01-16 16:00:54,946:INFO:For student: 150117416, rejected courses because of collision:
2022-01-16 16:00:54,946:INFO:
***********
2022-01-16 16:00:54,946:INFO:For student: Hewitt Buckley, rejected courses because of quota:
2022-01-16 16:00:54,946:INFO:
***********
2022-01-16 16:00:54,946:INFO:For student: Hewitt Buckley, rejected courses because of prerequisite:
2022-01-16 16:00:54,946:INFO:
***********
2022-01-16 16:00:54,947:INFO:For student: 150117095, rejected courses because of collision:
2022-01-16 16:00:54,947:INFO:
***********
2022-01-16 16:00:54,947:INFO:For student: 150117095, rejected courses because of requirement problem:
2022-01-16 16:00:54,947:INFO:
***********
2022-01-16 16:00:54,947:INFO:For student: 150117957, rejected courses because of requirement problem:
2022-01-16 16:00:54,947:INFO:
***********
2022-01-16 16:00:54,947:INFO:For student: 150117738, rejected courses because of collision:
2022-01-16 16:00:54,947:INFO:
***********
2022-01-16 16:00:54,947:INFO:For student: 150117936, rejected courses because of requirement problem:
2022-01-16 16:00:54,948:INFO:
***********
2022-01-16 16:00:54,948:INFO:For student: 150120869, rejected courses because of requirement problem:
2022-01-16 16:00:54,948:INFO:
***********
2022-01-16 16:00:54,948:INFO:For student: 150120580, rejected courses because of collision:
2022-01-16 16:00:54,948:INFO:
***********
2022-01-16 16:00:54,948:INFO:For student: 150120580, rejected courses because of requirement problem:
2022-01-16 16:00:54,948:INFO:
***********
2022-01-16 16:00:54,948:INFO:For student: 150120639, rejected courses because of requirement problem:
2022-01-16 16:00:54,948:INFO:
***********
2022-01-16 16:00:54,948:INFO:For student: 150120802, rejected courses because of requirement problem:
2022-01-16 16:00:54,948:INFO:
***********
2022-01-16 16:00:54,948:INFO:For student: 150120221, rejected courses because of requirement problem:
2022-01-16 16:00:54,949:INFO:
***********
2022-01-16 16:00:54,949:INFO:For student: 150120308, rejected courses because of collision:
2022-01-16 16:00:54,949:INFO:
***********
2022-01-16 16:00:54,949:INFO:For student: 150120308, rejected courses because of requirement problem:
2022-01-16 16:00:54,949:INFO:
***********
2022-01-16 16:00:54,949:INFO:For student: 150120537, rejected courses because of collision:
2022-01-16 16:00:54,949:INFO:
***********
2022-01-16 16:00:54,949:INFO:For student: 150120357, rejected courses because of collision:
2022-01-16 16:00:54,949:INFO:
***********
2022-01-16 16:00:54,949:INFO:For student: 150120257, rejected courses because of collision:
2022-01-16 16:00:54,949:INFO:
***********
2022-01-16 16:00:54,949:INFO:For student: Gillespie Bowman, rejected courses because of prerequisite:
2022-01-16 16:00:54,949:INFO:
***********
2022-01-16 16:00:54,949:INFO:For student: 150120669, rejected courses because of collision:
2022-01-16 16:00:54,949:INFO:
***********
2022-01-16 16:00:54,949:INFO:For student: 150120159, rejected courses because of collision:
2022-01-16 16:00:54,949:INFO:
***********
2022-01-16 16:00:54,949:INFO:For student: 150120159, rejected courses because of requirement problem:
2022-01-16 16:00:54,950:INFO:
***********
2022-01-16 16:00:54,950:INFO:For student: 150120183, rejected courses because of collision:
2022-01-16 16:00:54,950:INFO:
***********
2022-01-16 16:00:54,950:INFO:For student: 150120660, rejected courses because of collision:
2022-01-16 16:00:54,950:INFO:
***********
2022-01-16 16:00:54,950:INFO:For student: Sheri Wiley, rejected courses because of prerequisite:
2022-01-16 16:00:54,950:INFO:
***********
2022-01-16 16:00:54,950:INFO:For student: 150120417, rejected courses because of requirement problem:
2022-01-16 16:00:54,950:INFO:
***********
2022-01-16 16:00:54,950:INFO:For student: 150120844, rejected courses because of collision:
2022-01-16 16:00:54,950:INFO:
***********
2022-01-16 16:00:54,950:INFO:For student: 150120844, rejected courses because of requirement problem:
2022-01-16 16:00:54,950:INFO:
***********
2022-01-16 16:00:54,950:INFO:For student: Barbara Abbott, rejected courses because of prerequisite:
2022-01-16 16:00:54,950:INFO:
***********
2022-01-16 16:00:54,951:INFO:For student: 150120695, rejected courses because of requirement problem:
2022-01-16 16:00:54,951:INFO:
***********
2022-01-16 16:00:54,951:INFO:For student: 150120113, rejected courses because of requirement problem:
2022-01-16 16:00:54,951:INFO:
***********
2022-01-16 16:00:54,951:INFO:For student: 150120052, rejected courses because of requirement problem:
2022-01-16 16:00:54,951:INFO:
***********
2022-01-16 16:00:54,951:INFO:For student: 150120147, rejected courses because of collision:
2022-01-16 16:00:54,951:INFO:
***********
2022-01-16 16:00:54,951:INFO:For student: 150120151, rejected courses because of requirement problem:
2022-01-16 16:00:54,951:INFO:
***********
2022-01-16 16:00:54,951:INFO:For student: 150120743, rejected courses because of collision:
2022-01-16 16:00:54,951:INFO:
***********
2022-01-16 16:00:54,951:INFO:For student: 150120765, rejected courses because of requirement problem:
2022-01-16 16:00:54,952:INFO:
***********
2022-01-16 16:00:54,952:INFO:For student: 150120990, rejected courses because of collision:
2022-01-16 16:00:54,952:INFO:
***********
2022-01-16 16:00:54,952:INFO:For student: 150120427, rejected courses because of collision:
2022-01-16 16:00:54,952:INFO:
***********
2022-01-16 16:00:54,952:INFO:For student: Joy Cortez, rejected courses because of quota:
2022-01-16 16:00:54,952:INFO:
***********
2022-01-16 16:00:54,952:INFO:For student: Elisabeth Tran, rejected courses because of quota:
2022-01-16 16:00:54,952:INFO:
***********
2022-01-16 16:00:54,952:INFO:For student: Elisabeth Tran, rejected courses because of prerequisite:
2022-01-16 16:00:54,952:INFO:
***********
2022-01-16 16:00:54,952:INFO:For student: Milagros Mckinney, rejected courses because of quota:
2022-01-16 16:00:54,952:INFO:
***********
2022-01-16 16:00:54,952:INFO:For student: 150120536, rejected courses because of collision:
2022-01-16 16:00:54,952:INFO:
***********
2022-01-16 16:00:54,952:INFO:For student: Ward Franks, rejected courses because of quota:
2022-01-16 16:00:54,952:INFO:
***********
2022-01-16 16:00:54,953:INFO:For student: 150120633, rejected courses because of collision:
2022-01-16 16:00:54,953:INFO:
***********
2022-01-16 16:00:54,953:INFO:For student: 150120920, rejected courses because of collision:
2022-01-16 16:00:54,953:INFO:
***********
2022-01-16 16:00:54,953:INFO:For student: 150120439, rejected courses because of collision:
2022-01-16 16:00:54,953:INFO:
***********
2022-01-16 16:00:54,953:INFO:For student: Jimmie Trujillo, rejected courses because of quota:
2022-01-16 16:00:54,953:INFO:
***********
2022-01-16 16:00:54,953:INFO:For student: Jimmie Trujillo, rejected courses because of prerequisite:
2022-01-16 16:00:54,953:INFO:
***********
2022-01-16 16:00:54,953:INFO:For student: Fran Kane, rejected courses because of quota:
2022-01-16 16:00:54,953:INFO:
***********
2022-01-16 16:00:54,953:INFO:For student: Robert Pickett, rejected courses because of quota:
2022-01-16 16:00:54,953:INFO:
***********
2022-01-16 16:00:54,953:INFO:For student: Morton Gomez, rejected courses because of quota:
2022-01-16 16:00:54,953:INFO:
***********
2022-01-16 16:00:54,953:INFO:For student: Green Irwin, rejected courses because of quota:
2022-01-16 16:00:54,954:INFO:
***********
2022-01-16 16:00:54,954:INFO:For student: Mona Foster, rejected courses because of quota:
2022-01-16 16:00:54,954:INFO:
***********
2022-01-16 16:00:54,954:INFO:For student: 150120540, rejected courses because of collision:
2022-01-16 16:00:54,954:INFO:
***********
2022-01-16 16:00:54,954:INFO:For student: 150120540, rejected courses because of requirement problem:
2022-01-16 16:00:54,954:INFO:
***********
2022-01-16 16:00:54,954:INFO:For student: 150120073, rejected courses because of collision:
2022-01-16 16:00:54,954:INFO:
***********
2022-01-16 16:00:54,954:INFO:For student: 150120073, rejected courses because of requirement problem:
2022-01-16 16:00:54,954:INFO:
***********
2022-01-16 16:00:54,954:INFO:For student: Hester Smith, rejected courses because of quota:
2022-01-16 16:00:54,954:INFO:
***********
2022-01-16 16:00:54,954:INFO:For student: 150120432, rejected courses because of requirement problem:
2022-01-16 16:00:54,954:INFO:
***********
2022-01-16 16:00:54,954:INFO:For student: 150120378, rejected courses because of collision:
2022-01-16 16:00:54,954:INFO:
***********
2022-01-16 16:00:54,954:INFO:For student: Woodward Hartman, rejected courses because of quota:
2022-01-16 16:00:54,955:INFO:
***********
2022-01-16 16:00:54,955:INFO:For student: 150120034, rejected courses because of requirement problem:
2022-01-16 16:00:54,955:INFO:
***********
2022-01-16 16:02:10,425:INFO:For student: Lila Conner, rejected courses because of prerequisite:
2022-01-16 16:02:10,425:INFO:CSE2246
2022-01-16 16:02:10,425:INFO:
***********
2022-01-16 16:02:10,425:INFO:For student: 150119614, rejected courses because of collision:
2022-01-16 16:02:10,425:INFO:CSE1242
2022-01-16 16:02:10,425:INFO:
***********
2022-01-16 16:02:10,427:INFO:For student: Noel Meyers, rejected courses because of prerequisite:
2022-01-16 16:02:10,427:INFO:EE2032
2022-01-16 16:02:10,427:INFO:
***********
2022-01-16 16:02:10,427:INFO:For student: 150119639, rejected courses because of collision:
2022-01-16 16:02:10,427:INFO:CSE2260
2022-01-16 16:02:10,427:INFO:
***********
2022-01-16 16:02:10,427:INFO:For student: Mayer Manning, rejected courses because of prerequisite:
2022-01-16 16:02:10,427:INFO:CSE2246
2022-01-16 16:02:10,427:INFO:
***********
2022-01-16 16:02:10,428:INFO:For student: Lauren Ramsey, rejected courses because of prerequisite:
2022-01-16 16:02:10,428:INFO:CSE2246
2022-01-16 16:02:10,428:INFO:
***********
2022-01-16 16:02:10,428:INFO:For student: Audrey Vang, rejected courses because of prerequisite:
2022-01-16 16:02:10,428:INFO:EE2032
2022-01-16 16:02:10,428:INFO:
***********
2022-01-16 16:02:10,428:INFO:For student: 150119962, rejected courses because of collision:
2022-01-16 16:02:10,428:INFO:CSE1242
2022-01-16 16:02:10,428:INFO:
***********
2022-01-16 16:02:10,428:INFO:For student: Charity Compton, rejected courses because of prerequisite:
2022-01-16 16:02:10,428:INFO:CSE2246
2022-01-16 16:02:10,429:INFO:
***********
2022-01-16 16:02:10,429:INFO:For student: Armstrong Cherry, rejected courses because of prerequisite:
2022-01-16 16:02:10,429:INFO:EE2032
2022-01-16 16:02:10,429:INFO:
***********
2022-01-16 16:02:10,429:INFO:For student: Sharlene Gonzales, rejected courses because of quota:
2022-01-16 16:02:10,429:INFO:CSE2260
2022-01-16 16:02:10,429:INFO:
***********
2022-01-16 16:02:10,429:INFO:For student: Meyers Travis, rejected courses because of quota:
2022-01-16 16:02:10,429:INFO:CSE2260
2022-01-16 16:02:10,429:INFO:
***********
2022-01-16 16:02:10,429:INFO:For student: Janell Potts, rejected courses because of quota:
2022-01-16 16:02:10,429:INFO:CSE2260
2022-01-16 16:02:10,429:INFO:
***********
2022-01-16 16:02:10,429:INFO:For student: Constance Hart, rejected courses because of quota:
2022-01-16 16:02:10,430:INFO:EE2032
2022-01-16 16:02:10,430:INFO:
***********
2022-01-16 16:02:10,430:INFO:For student: Olsen Best, rejected courses because of quota:
2022-01-16 16:02:10,430:INFO:CSE2260
2022-01-16 16:02:10,430:INFO:
***********
2022-01-16 16:02:10,430:INFO:For student: Mia Sosa, rejected courses because of quota:
2022-01-16 16:02:10,430:INFO:EE2032
2022-01-16 16:02:10,430:INFO:
***********
2022-01-16 16:02:10,430:INFO:For student: Knox Hull, rejected courses because of quota:
2022-01-16 16:02:10,430:INFO:EE2032
2022-01-16 16:02:10,430:INFO:
***********
2022-01-16 16:02:10,430:INFO:For student: Harrison Duke, rejected courses because of quota:
2022-01-16 16:02:10,430:INFO:EE2032
2022-01-16 16:02:10,430:INFO:
***********
2022-01-16 16:02:10,430:INFO:For student: Chapman Kirkland, rejected courses because of quota:
2022-01-16 16:02:10,430:INFO:CSE2246
2022-01-16 16:02:10,430:INFO:
***********
2022-01-16 16:02:10,430:INFO:For student: Nona Stuart, rejected courses because of quota:
2022-01-16 16:02:10,430:INFO:CSE2246
2022-01-16 16:02:10,431:INFO:
***********
2022-01-16 16:02:10,431:INFO:For student: Melissa Gill, rejected courses because of quota:
2022-01-16 16:02:10,431:INFO:EE2032
2022-01-16 16:02:10,431:INFO:
***********
2022-01-16 16:02:10,431:INFO:For student: Aileen Dickson, rejected courses because of quota:
2022-01-16 16:02:10,431:INFO:CSE2260
2022-01-16 16:02:10,431:INFO:
***********
2022-01-16 16:02:10,431:INFO:For student: Lindsay Walton, rejected courses because of quota:
2022-01-16 16:02:10,431:INFO:CSE2260
2022-01-16 16:02:10,431:INFO:
***********
2022-01-16 16:02:10,431:INFO:For student: 150118132, rejected courses because of collision:
2022-01-16 16:02:10,431:INFO:COM2202
2022-01-16 16:02:10,431:INFO:
***********
2022-01-16 16:02:10,432:INFO:For student: 150118382, rejected courses because of collision:
2022-01-16 16:02:10,432:INFO:CSE3044
2022-01-16 16:02:10,432:INFO:
***********
2022-01-16 16:02:10,432:INFO:For student: 150118436, rejected courses because of collision:
2022-01-16 16:02:10,432:INFO:CSE3038
2022-01-16 16:02:10,432:INFO:
***********
2022-01-16 16:02:10,432:INFO:For student: Felecia Nichols, rejected courses because of quota:
2022-01-16 16:02:10,432:INFO:CSE2246
2022-01-16 16:02:10,432:INFO:
***********
2022-01-16 16:02:10,432:INFO:For student: 150118773, rejected courses because of collision:
2022-01-16 16:02:10,432:INFO:CSE3044
2022-01-16 16:02:10,432:INFO:
***********
2022-01-16 16:02:10,432:INFO:For student: Burks Hurst, rejected courses because of prerequisite:
2022-01-16 16:02:10,432:INFO:CSE3044
2022-01-16 16:02:10,432:INFO:
***********
2022-01-16 16:02:10,432:INFO:For student: 150118750, rejected courses because of collision:
2022-01-16 16:02:10,433:INFO:MATH1002
2022-01-16 16:02:10,433:INFO:
***********
2022-01-16 16:02:10,433:INFO:For student: Golden Tanner, rejected courses because of prerequisite:
2022-01-16 16:02:10,433:INFO:CSE3044
2022-01-16 16:02:10,433:INFO:
***********
2022-01-16 16:02:10,434:INFO:For student: Carly Green, rejected courses because of quota:
2022-01-16 16:02:10,434:INFO:CSE2260
2022-01-16 16:02:10,434:INFO:
***********
2022-01-16 16:02:10,434:INFO:For student: Barron Rosales, rejected courses because of prerequisite:
2022-01-16 16:02:10,434:INFO:CSE3044
2022-01-16 16:02:10,434:INFO:
***********
2022-01-16 16:02:10,434:INFO:For student: 150118966, rejected courses because of collision:
2022-01-16 16:02:10,434:INFO:NTE1012
2022-01-16 16:02:10,434:INFO:
***********
2022-01-16 16:02:10,434:INFO:For student: Tanisha Britt, rejected courses because of quota:
2022-01-16 16:02:10,434:INFO:CSE2246
2022-01-16 16:02:10,434:INFO:
***********
2022-01-16 16:02:10,434:INFO:For student: 150118098, rejected courses because of collision:
2022-01-16 16:02:10,434:INFO:CSE3044
2022-01-16 16:02:10,434:INFO:
***********
2022-01-16 16:02:10,435:INFO:For student: Erickson Griffith, rejected courses because of quota:
2022-01-16 16:02:10,435:INFO:CSE2246
2022-01-16 16:02:10,435:INFO:
***********
2022-01-16 16:02:10,435:INFO:For student: Lynn Webb, rejected courses because of prerequisite:
2022-01-16 16:02:10,435:INFO:CSE3044
2022-01-16 16:02:10,435:INFO:
***********
2022-01-16 16:02:10,435:INFO:For student: 150118087, rejected courses because of collision:
2022-01-16 16:02:10,435:INFO:CSE3038
2022-01-16 16:02:10,435:INFO:
***********
2022-01-16 16:02:10,435:INFO:For student: Sweet Wolfe, rejected courses because of quota:
2022-01-16 16:02:10,435:INFO:EE2032
2022-01-16 16:02:10,435:INFO:
***********
2022-01-16 16:02:10,435:INFO:For student: Sweet Wolfe, rejected courses because of prerequisite:
2022-01-16 16:02:10,435:INFO:CSE3044
2022-01-16 16:02:10,435:INFO:
***********
2022-01-16 16:02:10,436:INFO:For student: 150118397, rejected courses because of collision:
2022-01-16 16:02:10,436:INFO:ATA122
2022-01-16 16:02:10,436:INFO:
***********
2022-01-16 16:02:10,436:INFO:For student: Kim Brock, rejected courses because of quota:
2022-01-16 16:02:10,436:INFO:STAT2253
2022-01-16 16:02:10,436:INFO:
***********
2022-01-16 16:02:10,436:INFO:For student: Gloria Mathews, rejected courses because of prerequisite:
2022-01-16 16:02:10,436:INFO:CSE3044
2022-01-16 16:02:10,436:INFO:
***********
2022-01-16 16:02:10,437:INFO:For student: Sheryl Molina, rejected courses because of quota:
2022-01-16 16:02:10,437:INFO:STAT2253
2022-01-16 16:02:10,437:INFO:
***********
2022-01-16 16:02:10,437:INFO:For student: Frances Gentry, rejected courses because of prerequisite:
2022-01-16 16:02:10,437:INFO:CSE3044
2022-01-16 16:02:10,437:INFO:
***********
2022-01-16 16:02:10,437:INFO:For student: 150118772, rejected courses because of collision:
2022-01-16 16:02:10,437:INFO:ATA122
2022-01-16 16:02:10,437:INFO:
***********
2022-01-16 16:02:10,437:INFO:For student: Katherine Burt, rejected courses because of quota:
2022-01-16 16:02:10,437:INFO:CSE2138
2022-01-16 16:02:10,437:INFO:
***********
2022-01-16 16:02:10,438:INFO:For student: Trisha Sanford, rejected courses because of quota:
2022-01-16 16:02:10,438:INFO:STAT2253
2022-01-16 16:02:10,438:INFO:
***********
2022-01-16 16:02:10,438:INFO:For student: Roach Chase, rejected courses because of quota:
2022-01-16 16:02:10,438:INFO:EE2032
2022-01-16 16:02:10,438:INFO:
***********
2022-01-16 16:02:10,438:INFO:For student: Pearl Fuller, rejected courses because of quota:
2022-01-16 16:02:10,438:INFO:CSE2246
2022-01-16 16:02:10,438:INFO:
***********
2022-01-16 16:02:10,438:INFO:For student: Miriam Reyes, rejected courses because of quota:
2022-01-16 16:02:10,438:INFO:IE3235
2022-01-16 16:02:10,438:INFO:
***********
2022-01-16 16:02:10,439:INFO:For student: Brown Graham, rejected courses because of quota:
2022-01-16 16:02:10,439:INFO:IE3235
2022-01-16 16:02:10,439:INFO:
***********
2022-01-16 16:02:10,439:INFO:For student: Fields Whitaker, rejected courses because of quota:
2022-01-16 16:02:10,439:INFO:IE3235
2022-01-16 16:02:10,439:INFO:
***********
2022-01-16 16:02:10,439:INFO:For student: Nell Robertson, rejected courses because of quota:
2022-01-16 16:02:10,439:INFO:CSE3264
2022-01-16 16:02:10,439:INFO:
***********
2022-01-16 16:02:10,439:INFO:For student: Espinoza Blevins, rejected courses because of quota:
2022-01-16 16:02:10,439:INFO:IE3235
2022-01-16 16:02:10,439:INFO:
***********
2022-01-16 16:02:10,439:INFO:For student: Espinoza Blevins, rejected courses because of prerequisite:
2022-01-16 16:02:10,439:INFO:CSE3044
2022-01-16 16:02:10,439:INFO:
***********
2022-01-16 16:02:10,439:INFO:For student: Michelle Chen, rejected courses because of quota:
2022-01-16 16:02:10,439:INFO:CSE3264
2022-01-16 16:02:10,439:INFO:
***********
2022-01-16 16:02:10,440:INFO:For student: Leola Bender, rejected courses because of quota:
2022-01-16 16:02:10,440:INFO:COM2202
2022-01-16 16:02:10,440:INFO:
***********
2022-01-16 16:02:10,440:INFO:For student: Leola Bender, rejected courses because of prerequisite:
2022-01-16 16:02:10,440:INFO:CSE3044
2022-01-16 16:02:10,440:INFO:
***********
2022-01-16 16:02:10,440:INFO:For student: Donovan Carey, rejected courses because of quota:
2022-01-16 16:02:10,440:INFO:CSE3264
2022-01-16 16:02:10,440:INFO:
***********
2022-01-16 16:02:10,440:INFO:For student: Helga Ortiz, rejected courses because of quota:
2022-01-16 16:02:10,440:INFO:STAT2253
2022-01-16 16:02:10,440:INFO:
***********
2022-01-16 16:02:10,440:INFO:For student: Houston Jefferson, rejected courses because of quota:
2022-01-16 16:02:10,440:INFO:CSE3264
2022-01-16 16:02:10,440:INFO:
***********
2022-01-16 16:02:10,440:INFO:For student: Maxine Bridges, rejected courses because of quota:
2022-01-16 16:02:10,440:INFO:IE3235
2022-01-16 16:02:10,440:INFO:
***********
2022-01-16 16:02:10,440:INFO:For student: Snyder Bird, rejected courses because of quota:
2022-01-16 16:02:10,440:INFO:COM2202
2022-01-16 16:02:10,441:INFO:
***********
2022-01-16 16:02:10,441:INFO:For student: Melisa Gardner, rejected courses because of quota:
2022-01-16 16:02:10,441:INFO:CSE3264
2022-01-16 16:02:10,441:INFO:
***********
2022-01-16 16:02:10,441:INFO:For student: Ola Pena, rejected courses because of quota:
2022-01-16 16:02:10,441:INFO:IE3235
2022-01-16 16:02:10,441:INFO:
***********
2022-01-16 16:02:10,441:INFO:For student: Ramirez Drake, rejected courses because of quota:
2022-01-16 16:02:10,441:INFO:CSE3264
2022-01-16 16:02:10,441:INFO:
***********
2022-01-16 16:02:10,441:INFO:For student: Cervantes Stanton, rejected courses because of quota:
2022-01-16 16:02:10,441:INFO:CSE3264
2022-01-16 16:02:10,441:INFO:
***********
2022-01-16 16:02:10,441:INFO:For student: Allyson Lewis, rejected courses because of quota:
2022-01-16 16:02:10,441:INFO:COM2202
2022-01-16 16:02:10,441:INFO:
***********
2022-01-16 16:02:10,441:INFO:For student: Marina Quinn, rejected courses because of quota:
2022-01-16 16:02:10,442:INFO:CSE3264
2022-01-16 16:02:10,442:INFO:
***********
2022-01-16 16:02:10,442:INFO:For student: 150118045, rejected courses because of collision:
2022-01-16 16:02:10,442:INFO:CSE3044
2022-01-16 16:02:10,442:INFO:
***********
2022-01-16 16:02:10,442:INFO:For student: Caitlin Peck, rejected courses because of quota:
2022-01-16 16:02:10,442:INFO:IE3235
2022-01-16 16:02:10,442:INFO:
***********
2022-01-16 16:02:10,442:INFO:For student: Caitlin Peck, rejected courses because of prerequisite:
2022-01-16 16:02:10,442:INFO:CSE3044
2022-01-16 16:02:10,442:INFO:
***********
2022-01-16 16:02:10,442:INFO:For student: Gordon George, rejected courses because of quota:
2022-01-16 16:02:10,442:INFO:COM2202
2022-01-16 16:02:10,442:INFO:
***********
2022-01-16 16:02:10,442:INFO:For student: Gordon George, rejected courses because of prerequisite:
2022-01-16 16:02:10,442:INFO:CSE3044
2022-01-16 16:02:10,442:INFO:
***********
2022-01-16 16:02:10,442:INFO:For student: Dionne Mcfadden, rejected courses because of quota:
2022-01-16 16:02:10,442:INFO:STAT2253
2022-01-16 16:02:10,442:INFO:
***********
2022-01-16 16:02:10,442:INFO:For student: Bernice Bonner, rejected courses because of quota:
2022-01-16 16:02:10,442:INFO:CSE3044
2022-01-16 16:02:10,442:INFO:
***********
2022-01-16 16:02:10,443:INFO:For student: 150117350, rejected courses because of requirement problem:
2022-01-16 16:02:10,443:INFO:CSE4044
2022-01-16 16:02:10,443:INFO:MSE4073
2022-01-16 16:02:10,443:INFO:
***********
2022-01-16 16:02:10,443:INFO:For student: 150117186, rejected courses because of requirement problem:
2022-01-16 16:02:10,443:INFO:CSE4075
2022-01-16 16:02:10,443:INFO:CSE4070
2022-01-16 16:02:10,443:INFO:CSE4095
2022-01-16 16:02:10,443:INFO:
***********
2022-01-16 16:02:10,443:INFO:For student: Ashlee Washington, rejected courses because of quota:
2022-01-16 16:02:10,443:INFO:EE2032
2022-01-16 16:02:10,443:INFO:
***********
2022-01-16 16:02:10,444:INFO:For student: Ayers Sweeney, rejected courses because of quota:
2022-01-16 16:02:10,444:INFO:STAT2253
2022-01-16 16:02:10,444:INFO:
***********
2022-01-16 16:02:10,444:INFO:For student: 150117043, rejected courses because of requirement problem:
2022-01-16 16:02:10,444:INFO:MGT4082
2022-01-16 16:02:10,444:INFO:CSE4032
2022-01-16 16:02:10,444:INFO:
***********
2022-01-16 16:02:10,444:INFO:For student: 150117384, rejected courses because of requirement problem:
2022-01-16 16:02:10,444:INFO:CSE4066
2022-01-16 16:02:10,444:INFO:CSE4217
2022-01-16 16:02:10,444:INFO:
***********
2022-01-16 16:02:10,444:INFO:For student: 150117232, rejected courses because of requirement problem:
2022-01-16 16:02:10,445:INFO:CHE4068
2022-01-16 16:02:10,445:INFO:CSE4057
2022-01-16 16:02:10,445:INFO:
***********
2022-01-16 16:02:10,445:INFO:For student: Loraine Daugherty, rejected courses because of quota:
2022-01-16 16:02:10,445:INFO:CSE2138
2022-01-16 16:02:10,445:INFO:
***********
2022-01-16 16:02:10,445:INFO:For student: 150117470, rejected courses because of requirement problem:
2022-01-16 16:02:10,445:INFO:ENVE4062
2022-01-16 16:02:10,445:INFO:CSE4062
2022-01-16 16:02:10,445:INFO:
***********
2022-01-16 16:02:10,445:INFO:For student: Marci Downs, rejected courses because of quota:
2022-01-16 16:02:10,445:INFO:COM2202
2022-01-16 16:02:10,445:INFO:
***********
2022-01-16 16:02:10,445:INFO:For student: 150117595, rejected courses because of collision:
2022-01-16 16:02:10,445:INFO:CSE4058
2022-01-16 16:02:10,445:INFO:
***********
2022-01-16 16:02:10,446:INFO:For student: 150117108, rejected courses because of collision:
2022-01-16 16:02:10,446:INFO:ME3022
2022-01-16 16:02:10,446:INFO:
***********
2022-01-16 16:02:10,446:INFO:For student: Mallory Middleton, rejected courses because of quota:
2022-01-16 16:02:10,446:INFO:CSE2138
2022-01-16 16:02:10,446:INFO:
***********
2022-01-16 16:02:10,446:INFO:For student: 150117890, rejected courses because of requirement problem:
2022-01-16 16:02:10,446:INFO:NTE1016
2022-01-16 16:02:10,446:INFO:
***********
2022-01-16 16:02:10,446:INFO:For student: 150117959, rejected courses because of requirement problem:
2022-01-16 16:02:10,446:INFO:CSE4096
2022-01-16 16:02:10,446:INFO:CSE4063
2022-01-16 16:02:10,446:INFO:
***********
2022-01-16 16:02:10,446:INFO:For student: Pate Garcia, rejected courses because of quota:
2022-01-16 16:02:10,446:INFO:STAT2253
2022-01-16 16:02:10,447:INFO:
***********
2022-01-16 16:02:10,447:INFO:For student: 150117409, rejected courses because of requirement problem:
2022-01-16 16:02:10,447:INFO:CSE4063
2022-01-16 16:02:10,447:INFO:CSE4067
2022-01-16 16:02:10,447:INFO:
***********
2022-01-16 16:02:10,447:INFO:For student: 150117324, rejected courses because of requirement problem:
2022-01-16 16:02:10,447:INFO:CSE4066
2022-01-16 16:02:10,447:INFO:
***********
2022-01-16 16:02:10,447:INFO:For student: Deann Horne, rejected courses because of quota:
2022-01-16 16:02:10,447:INFO:CSE2138
2022-01-16 16:02:10,447:INFO:
***********
2022-01-16 16:02:10,447:INFO:For student: 150117711, rejected courses because of collision:
2022-01-16 16:02:10,447:INFO:CSE4053
2022-01-16 16:02:10,447:INFO:
***********
2022-01-16 16:02:10,448:INFO:For student: 150117689, rejected courses because of collision:
2022-01-16 16:02:10,448:INFO:IKT1054
2022-01-16 16:02:10,448:INFO:
***********
2022-01-16 16:02:10,448:INFO:For student: 150117689, rejected courses because of requirement problem:
2022-01-16 16:02:10,448:INFO:CSE4085
2022-01-16 16:02:10,448:INFO:CSE4044
2022-01-16 16:02:10,448:INFO:
***********
2022-01-16 16:02:10,448:INFO:For student: 150117009, rejected courses because of requirement problem:
2022-01-16 16:02:10,448:INFO:CSE4057
2022-01-16 16:02:10,448:INFO:
***********
2022-01-16 16:02:10,448:INFO:For student: Greer Medina, rejected courses because of quota:
2022-01-16 16:02:10,448:INFO:STAT2253
2022-01-16 16:02:10,448:INFO:
***********
2022-01-16 16:02:10,449:INFO:For student: 150117448, rejected courses because of requirement problem:
2022-01-16 16:02:10,449:INFO:CSE4095
2022-01-16 16:02:10,449:INFO:
***********
2022-01-16 16:02:10,449:INFO:For student: Ochoa Garrison, rejected courses because of prerequisite:
2022-01-16 16:02:10,449:INFO:CSE4298
2022-01-16 16:02:10,449:INFO:
***********
2022-01-16 16:02:10,449:INFO:For student: Earnestine Tyson, rejected courses because of quota:
2022-01-16 16:02:10,449:INFO:CSE2138
2022-01-16 16:02:10,449:INFO:
***********
2022-01-16 16:02:10,449:INFO:For student: 150117153, rejected courses because of requirement problem:
2022-01-16 16:02:10,449:INFO:CSE4062
2022-01-16 16:02:10,449:INFO:
***********
2022-01-16 16:02:10,449:INFO:For student: 150117124, rejected courses because of requirement problem:
2022-01-16 16:02:10,450:INFO:CSE4065
2022-01-16 16:02:10,450:INFO:
***********
2022-01-16 16:02:10,450:INFO:For student: 150117051, rejected courses because of collision:
2022-01-16 16:02:10,450:INFO:CAS1061
2022-01-16 16:02:10,450:INFO:CSE4062
2022-01-16 16:02:10,450:INFO:
***********
2022-01-16 16:02:10,450:INFO:For student: 150117051, rejected courses because of requirement problem:
2022-01-16 16:02:10,450:INFO:CSE4093
2022-01-16 16:02:10,450:INFO:
***********
2022-01-16 16:02:10,450:INFO:For student: 150117920, rejected courses because of collision:
2022-01-16 16:02:10,450:INFO:CSE4058
2022-01-16 16:02:10,450:INFO:
***********
2022-01-16 16:02:10,450:INFO:For student: 150117920, rejected courses because of requirement problem:
2022-01-16 16:02:10,450:INFO:CSE4070
2022-01-16 16:02:10,450:INFO:
***********
2022-01-16 16:02:10,451:INFO:For student: 150117110, rejected courses because of requirement problem:
2022-01-16 16:02:10,451:INFO:CSE4067
2022-01-16 16:02:10,451:INFO:CSE4063
2022-01-16 16:02:10,451:INFO:CSE4058
2022-01-16 16:02:10,451:INFO:
***********
2022-01-16 16:02:10,451:INFO:For student: 150117221, rejected courses because of requirement problem:
2022-01-16 16:02:10,451:INFO:CSE4040
2022-01-16 16:02:10,451:INFO:
***********
2022-01-16 16:02:10,451:INFO:For student: Guadalupe Estrada, rejected courses because of quota:
2022-01-16 16:02:10,451:INFO:IE3235
2022-01-16 16:02:10,451:INFO:
***********
2022-01-16 16:02:10,451:INFO:For student: 150117052, rejected courses because of requirement problem:
2022-01-16 16:02:10,451:INFO:CSE4058
2022-01-16 16:02:10,451:INFO:CSE4086
2022-01-16 16:02:10,451:INFO:CSE4057
2022-01-16 16:02:10,452:INFO:
***********
2022-01-16 16:02:10,452:INFO:For student: Alyson Palmer, rejected courses because of quota:
2022-01-16 16:02:10,452:INFO:CSE2246
2022-01-16 16:02:10,452:INFO:
***********
2022-01-16 16:02:10,452:INFO:For student: 150117756, rejected courses because of requirement problem:
2022-01-16 16:02:10,452:INFO:CSE4070
2022-01-16 16:02:10,452:INFO:CSE4065
2022-01-16 16:02:10,452:INFO:
***********
2022-01-16 16:02:10,452:INFO:For student: Rocha Morton, rejected courses because of quota:
2022-01-16 16:02:10,452:INFO:CSE2260
2022-01-16 16:02:10,452:INFO:
***********
2022-01-16 16:02:10,452:INFO:For student: 150117126, rejected courses because of requirement problem:
2022-01-16 16:02:10,452:INFO:EE4062
2022-01-16 16:02:10,452:INFO:
***********
2022-01-16 16:02:10,453:INFO:For student: Dale Horn, rejected courses because of quota:
2022-01-16 16:02:10,453:INFO:EE2032
2022-01-16 16:02:10,453:INFO:
***********
2022-01-16 16:02:10,453:INFO:For student: Dale Horn, rejected courses because of prerequisite:
2022-01-16 16:02:10,453:INFO:CSE4298
2022-01-16 16:02:10,453:INFO:
***********
2022-01-16 16:02:10,453:INFO:For student: 150117184, rejected courses because of requirement problem:
2022-01-16 16:02:10,453:INFO:CSE4095
2022-01-16 16:02:10,453:INFO:
***********
2022-01-16 16:02:10,453:INFO:For student: Annmarie Stone, rejected courses because of quota:
2022-01-16 16:02:10,453:INFO:CSE3044
2022-01-16 16:02:10,453:INFO:
***********
2022-01-16 16:02:10,453:INFO:For student: 150117035, rejected courses because of requirement problem:
2022-01-16 16:02:10,453:INFO:CSE4062
2022-01-16 16:02:10,453:INFO:CSE4085
2022-01-16 16:02:10,454:INFO:CSE4034
2022-01-16 16:02:10,454:INFO:
***********
2022-01-16 16:02:10,454:INFO:For student: Ada Bennett, rejected courses because of quota:
2022-01-16 16:02:10,454:INFO:CSE2138
2022-01-16 16:02:10,454:INFO:
***********
2022-01-16 16:02:10,454:INFO:For student: 150117177, rejected courses because of requirement problem:
2022-01-16 16:02:10,454:INFO:CSE4066
2022-01-16 16:02:10,454:INFO:
***********
2022-01-16 16:02:10,454:INFO:For student: Caroline Savage, rejected courses because of quota:
2022-01-16 16:02:10,454:INFO:CSE2260
2022-01-16 16:02:10,454:INFO:
***********
2022-01-16 16:02:10,455:INFO:For student: 150117903, rejected courses because of requirement problem:
2022-01-16 16:02:10,455:INFO:CSE4066
2022-01-16 16:02:10,455:INFO:CSE4096
2022-01-16 16:02:10,455:INFO:
***********
2022-01-16 16:02:10,455:INFO:For student: Ofelia Garza, rejected courses because of quota:
2022-01-16 16:02:10,455:INFO:STAT2253
2022-01-16 16:02:10,455:INFO:
***********
2022-01-16 16:02:10,455:INFO:For student: Kristina Guzman, rejected courses because of quota:
2022-01-16 16:02:10,455:INFO:STAT2253
2022-01-16 16:02:10,455:INFO:
***********
2022-01-16 16:02:10,455:INFO:For student: 150117418, rejected courses because of requirement problem:
2022-01-16 16:02:10,455:INFO:CSE4057
2022-01-16 16:02:10,455:INFO:
***********
2022-01-16 16:02:10,455:INFO:For student: Carrie Wynn, rejected courses because of quota:
2022-01-16 16:02:10,455:INFO:IE3235
2022-01-16 16:02:10,455:INFO:
***********
2022-01-16 16:02:10,456:INFO:For student: 150117212, rejected courses because of requirement problem:
2022-01-16 16:02:10,456:INFO:CSE4053
2022-01-16 16:02:10,456:INFO:
***********
2022-01-16 16:02:10,456:INFO:For student: Sofia Aguirre, rejected courses because of quota:
2022-01-16 16:02:10,456:INFO:CSE2138
2022-01-16 16:02:10,456:INFO:
***********
2022-01-16 16:02:10,456:INFO:For student: 150117000, rejected courses because of requirement problem:
2022-01-16 16:02:10,456:INFO:CSE4059
2022-01-16 16:02:10,456:INFO:CSE4067
2022-01-16 16:02:10,456:INFO:CSE4061
2022-01-16 16:02:10,456:INFO:
***********
2022-01-16 16:02:10,457:INFO:For student: 150117832, rejected courses because of requirement problem:
2022-01-16 16:02:10,457:INFO:CSE4058
2022-01-16 16:02:10,457:INFO:CSE4032
2022-01-16 16:02:10,457:INFO:CSE4061
2022-01-16 16:02:10,457:INFO:
***********
2022-01-16 16:02:10,457:INFO:For student: 150117167, rejected courses because of requirement problem:
2022-01-16 16:02:10,457:INFO:CSE4056
2022-01-16 16:02:10,457:INFO:CSE4084
2022-01-16 16:02:10,457:INFO:
***********
2022-01-16 16:02:10,457:INFO:For student: Kenya Morrison, rejected courses because of quota:
2022-01-16 16:02:10,457:INFO:CSE2260
2022-01-16 16:02:10,457:INFO:
***********
2022-01-16 16:02:10,458:INFO:For student: 150117213, rejected courses because of collision:
2022-01-16 16:02:10,458:INFO:BIOE4072
2022-01-16 16:02:10,458:INFO:BUS1004
2022-01-16 16:02:10,458:INFO:
***********
2022-01-16 16:02:10,458:INFO:For student: 150117213, rejected courses because of requirement problem:
2022-01-16 16:02:10,458:INFO:CSE4058
2022-01-16 16:02:10,458:INFO:
***********
2022-01-16 16:02:10,458:INFO:For student: 150117224, rejected courses because of requirement problem:
2022-01-16 16:02:10,458:INFO:CSE4026
2022-01-16 16:02:10,458:INFO:
***********
2022-01-16 16:02:10,458:INFO:For student: 150117722, rejected courses because of requirement problem:
2022-01-16 16:02:10,458:INFO:CSE4044
2022-01-16 16:02:10,458:INFO:
***********
2022-01-16 16:02:10,458:INFO:For student: 150117521, rejected courses because of collision:
2022-01-16 16:02:10,458:INFO:ENVE4063
2022-01-16 16:02:10,458:INFO:
***********
2022-01-16 16:02:10,458:INFO:For student: 150117521, rejected courses because of requirement problem:
2022-01-16 16:02:10,459:INFO:CSE4067
2022-01-16 16:02:10,459:INFO:CSE4062
2022-01-16 16:02:10,459:INFO:
***********
2022-01-16 16:02:10,459:INFO:For student: 150117305, rejected courses because of requirement problem:
2022-01-16 16:02:10,459:INFO:CSE4085
2022-01-16 16:02:10,459:INFO:
***********
2022-01-16 16:02:10,459:INFO:For student: 150117220, rejected courses because of collision:
2022-01-16 16:02:10,459:INFO:CSE4034
2022-01-16 16:02:10,459:INFO:
***********
2022-01-16 16:02:10,459:INFO:For student: 150117458, rejected courses because of requirement problem:
2022-01-16 16:02:10,459:INFO:CSE4086
2022-01-16 16:02:10,459:INFO:
***********
2022-01-16 16:02:10,459:INFO:For student: Desiree Cardenas, rejected courses because of quota:
2022-01-16 16:02:10,459:INFO:STAT2253
2022-01-16 16:02:10,459:INFO:
***********
2022-01-16 16:02:10,460:INFO:For student: 150117845, rejected courses because of requirement problem:
2022-01-16 16:02:10,460:INFO:SOC3082
2022-01-16 16:02:10,460:INFO:
***********
2022-01-16 16:02:10,460:INFO:For student: Margaret Buchanan, rejected courses because of prerequisite:
2022-01-16 16:02:10,460:INFO:CSE4075
2022-01-16 16:02:10,460:INFO:
***********
2022-01-16 16:02:10,460:INFO:For student: 150117625, rejected courses because of collision:
2022-01-16 16:02:10,460:INFO:NTE1004
2022-01-16 16:02:10,460:INFO:
***********
2022-01-16 16:02:10,460:INFO:For student: Herman Hubbard, rejected courses because of quota:
2022-01-16 16:02:10,460:INFO:CSE3044
2022-01-16 16:02:10,460:INFO:
***********
2022-01-16 16:02:10,461:INFO:For student: 150117840, rejected courses because of collision:
2022-01-16 16:02:10,461:INFO:MGT4086
2022-01-16 16:02:10,461:INFO:
***********
2022-01-16 16:02:10,461:INFO:For student: 150117840, rejected courses because of requirement problem:
2022-01-16 16:02:10,461:INFO:CSE4044
2022-01-16 16:02:10,461:INFO:CSE4066
2022-01-16 16:02:10,461:INFO:
***********
2022-01-16 16:02:10,461:INFO:For student: Herrera Hale, rejected courses because of quota:
2022-01-16 16:02:10,461:INFO:CSE3044
2022-01-16 16:02:10,461:INFO:
***********
2022-01-16 16:02:10,461:INFO:For student: Diaz Merritt, rejected courses because of quota:
2022-01-16 16:02:10,461:INFO:CSE3264
2022-01-16 16:02:10,461:INFO:
***********
2022-01-16 16:02:10,462:INFO:For student: 150117725, rejected courses because of requirement problem:
2022-01-16 16:02:10,462:INFO:CSE4044
2022-01-16 16:02:10,462:INFO:CSE4061
2022-01-16 16:02:10,462:INFO:CSE4063
2022-01-16 16:02:10,462:INFO:
***********
2022-01-16 16:02:10,462:INFO:For student: 150117297, rejected courses because of collision:
2022-01-16 16:02:10,462:INFO:CSE3038
2022-01-16 16:02:10,462:INFO:
***********
2022-01-16 16:02:10,462:INFO:For student: 150117297, rejected courses because of requirement problem:
2022-01-16 16:02:10,462:INFO:CSE4053
2022-01-16 16:02:10,462:INFO:CSE4093
2022-01-16 16:02:10,462:INFO:CSE4094
2022-01-16 16:02:10,462:INFO:CSE4062
2022-01-16 16:02:10,462:INFO:
***********
2022-01-16 16:02:10,462:INFO:For student: Vinson Higgins, rejected courses because of quota:
2022-01-16 16:02:10,462:INFO:CSE2138
2022-01-16 16:02:10,462:INFO:
***********
2022-01-16 16:02:10,463:INFO:For student: 150117095, rejected courses because of collision:
2022-01-16 16:02:10,463:INFO:ATA122
2022-01-16 16:02:10,463:INFO:
***********
2022-01-16 16:02:10,463:INFO:For student: 150117282, rejected courses because of requirement problem:
2022-01-16 16:02:10,463:INFO:CSE4034
2022-01-16 16:02:10,463:INFO:CSE4070
2022-01-16 16:02:10,463:INFO:
***********
2022-01-16 16:02:10,463:INFO:For student: 150117738, rejected courses because of requirement problem:
2022-01-16 16:02:10,463:INFO:YDF1002
2022-01-16 16:02:10,463:INFO:
***********
2022-01-16 16:02:10,463:INFO:For student: Hays Steele, rejected courses because of quota:
2022-01-16 16:02:10,463:INFO:EE2032
2022-01-16 16:02:10,464:INFO:
***********
2022-01-16 16:02:10,464:INFO:For student: 150120241, rejected courses because of requirement problem:
2022-01-16 16:02:10,464:INFO:OB2040
2022-01-16 16:02:10,464:INFO:
***********
2022-01-16 16:02:10,464:INFO:For student: Neva Romero, rejected courses because of prerequisite:
2022-01-16 16:02:10,464:INFO:CSE1242
2022-01-16 16:02:10,464:INFO:
***********
2022-01-16 16:02:10,464:INFO:For student: 150120451, rejected courses because of collision:
2022-01-16 16:02:10,464:INFO:OB3043
2022-01-16 16:02:10,464:INFO:
***********
2022-01-16 16:02:10,465:INFO:For student: 150120537, rejected courses because of requirement problem:
2022-01-16 16:02:10,465:INFO:YDF1002
2022-01-16 16:02:10,465:INFO:
***********
2022-01-16 16:02:10,465:INFO:For student: Clare Valdez, rejected courses because of prerequisite:
2022-01-16 16:02:10,465:INFO:CSE1242
2022-01-16 16:02:10,465:INFO:
***********
2022-01-16 16:02:10,465:INFO:For student: 150120257, rejected courses because of requirement problem:
2022-01-16 16:02:10,465:INFO:CAS2001
2022-01-16 16:02:10,465:INFO:
***********
2022-01-16 16:02:10,465:INFO:For student: 150120159, rejected courses because of requirement problem:
2022-01-16 16:02:10,465:INFO:CAS1010
2022-01-16 16:02:10,465:INFO:
***********
2022-01-16 16:02:10,466:INFO:For student: 150120741, rejected courses because of requirement problem:
2022-01-16 16:02:10,466:INFO:IKT1054
2022-01-16 16:02:10,466:INFO:MGT3082
2022-01-16 16:02:10,466:INFO:
***********
2022-01-16 16:02:10,466:INFO:For student: 150120844, rejected courses because of collision:
2022-01-16 16:02:10,466:INFO:ATA122
2022-01-16 16:02:10,466:INFO:
***********
2022-01-16 16:02:10,466:INFO:For student: 150120695, rejected courses because of requirement problem:
2022-01-16 16:02:10,466:INFO:CAS2003
2022-01-16 16:02:10,466:INFO:
***********
2022-01-16 16:02:10,466:INFO:For student: 150120052, rejected courses because of requirement problem:
2022-01-16 16:02:10,466:INFO:YDI1004
2022-01-16 16:02:10,466:INFO:
***********
2022-01-16 16:02:10,466:INFO:For student: 150120147, rejected courses because of requirement problem:
2022-01-16 16:02:10,466:INFO:NTE1002
2022-01-16 16:02:10,466:INFO:CAS2001
2022-01-16 16:02:10,466:INFO:
***********
2022-01-16 16:02:10,466:INFO:For student: Traci Lynch, rejected courses because of prerequisite:
2022-01-16 16:02:10,467:INFO:CSE1242
2022-01-16 16:02:10,467:INFO:
***********
2022-01-16 16:02:10,467:INFO:For student: 150120151, rejected courses because of requirement problem:
2022-01-16 16:02:10,467:INFO:OB3043
2022-01-16 16:02:10,467:INFO:
***********
2022-01-16 16:02:10,467:INFO:For student: 150120443, rejected courses because of requirement problem:
2022-01-16 16:02:10,467:INFO:YDF1001
2022-01-16 16:02:10,467:INFO:
***********
2022-01-16 16:02:10,467:INFO:For student: 150120765, rejected courses because of collision:
2022-01-16 16:02:10,467:INFO:CAS3001
2022-01-16 16:02:10,467:INFO:
***********
2022-01-16 16:02:10,467:INFO:For student: 150120095, rejected courses because of collision:
2022-01-16 16:02:10,467:INFO:CAS2004
2022-01-16 16:02:10,467:INFO:
***********
2022-01-16 16:02:10,468:INFO:For student: 150120630, rejected courses because of requirement problem:
2022-01-16 16:02:10,468:INFO:YDA2001
2022-01-16 16:02:10,468:INFO:
***********
2022-01-16 16:02:10,468:INFO:For student: 150120427, rejected courses because of collision:
2022-01-16 16:02:10,468:INFO:NTE1008
2022-01-16 16:02:10,468:INFO:
***********
2022-01-16 16:02:10,468:INFO:For student: 150120997, rejected courses because of collision:
2022-01-16 16:02:10,468:INFO:MATH1002
2022-01-16 16:02:10,468:INFO:
***********
2022-01-16 16:02:10,468:INFO:For student: 150120446, rejected courses because of collision:
2022-01-16 16:02:10,468:INFO:CSE1242
2022-01-16 16:02:10,468:INFO:
***********
2022-01-16 16:02:10,468:INFO:For student: 150120536, rejected courses because of requirement problem:
2022-01-16 16:02:10,468:INFO:OB2041
2022-01-16 16:02:10,468:INFO:
***********
2022-01-16 16:02:10,468:INFO:For student: Ward Franks, rejected courses because of prerequisite:
2022-01-16 16:02:10,468:INFO:CSE1242
2022-01-16 16:02:10,469:INFO:
***********
2022-01-16 16:02:10,469:INFO:For student: 150120633, rejected courses because of requirement problem:
2022-01-16 16:02:10,469:INFO:YDF1002
2022-01-16 16:02:10,469:INFO:CAS2002
2022-01-16 16:02:10,469:INFO:
***********
2022-01-16 16:02:10,469:INFO:For student: 150120483, rejected courses because of collision:
2022-01-16 16:02:10,469:INFO:CAS2001
2022-01-16 16:02:10,469:INFO:
***********
2022-01-16 16:02:10,469:INFO:For student: 150120439, rejected courses because of collision:
2022-01-16 16:02:10,469:INFO:CSE1242
2022-01-16 16:02:10,469:INFO:
***********
2022-01-16 16:02:10,469:INFO:For student: 150120439, rejected courses because of requirement problem:
2022-01-16 16:02:10,469:INFO:NTE1012
2022-01-16 16:02:10,469:INFO:CAS1001
2022-01-16 16:02:10,469:INFO:
***********
2022-01-16 16:02:10,469:INFO:For student: 150120725, rejected courses because of requirement problem:
2022-01-16 16:02:10,469:INFO:CAS2003
2022-01-16 16:02:10,470:INFO:
***********
2022-01-16 16:02:10,470:INFO:For student: 150120956, rejected courses because of requirement problem:
2022-01-16 16:02:10,470:INFO:OB2040
2022-01-16 16:02:10,470:INFO:
***********
2022-01-16 16:02:10,470:INFO:For student: 150120540, rejected courses because of requirement problem:
2022-01-16 16:02:10,470:INFO:HR4001
2022-01-16 16:02:10,470:INFO:
***********
2022-01-16 16:02:10,470:INFO:For student: 150120073, rejected courses because of collision:
2022-01-16 16:02:10,470:INFO:CAS3001
2022-01-16 16:02:10,470:INFO:
***********
2022-01-16 16:02:10,470:INFO:For student: 150120432, rejected courses because of collision:
2022-01-16 16:02:10,470:INFO:OB3043
2022-01-16 16:02:10,470:INFO:
***********
2022-01-16 16:02:10,470:INFO:For student: 150120378, rejected courses because of collision:
2022-01-16 16:02:10,470:INFO:BUS1004
2022-01-16 16:02:10,470:INFO:
***********
2022-01-16 16:02:10,470:INFO:For student: 150120795, rejected courses because of collision:
2022-01-16 16:02:10,470:INFO:NTE1016
2022-01-16 16:02:10,471:INFO:
***********
2022-01-16 16:02:10,471:INFO:For student: 150120034, rejected courses because of collision:
2022-01-16 16:02:10,471:INFO:ATA122
2022-01-16 16:02:10,471:INFO:
***********
2022-01-16 16:02:10,471:INFO:For student: 150120034, rejected courses because of requirement problem:
2022-01-16 16:02:10,471:INFO:CAS2002
2022-01-16 16:02:10,471:INFO:
***********
